#
# A fatal error has been detected by the Java Runtime Environment:
#
#  EXCEPTION_ACCESS_VIOLATION (0xc0000005) at pc=0x00007ffc70771ce0, pid=7240, tid=3548
#
# JRE version: OpenJDK Runtime Environment AdoptOpenJDK (14.0+36) (build 14+36)
# Java VM: OpenJDK 64-Bit Server VM AdoptOpenJDK (14+36, mixed mode, sharing, tiered, compressed oops, g1 gc, windows-amd64)
# Problematic frame:
# C  [ig9icd64.dll+0x151ce0]
#
# No core dump will be written. Minidumps are not enabled by default on client versions of Windows
#
# If you would like to submit a bug report, please visit:
#   https://github.com/AdoptOpenJDK/openjdk-support/issues
# The crash happened outside the Java Virtual Machine in native code.
# See problematic frame for where to report the bug.
#

---------------  S U M M A R Y ------------

Command Line: -Dfile.encoding=windows-1252 -Duser.country=FR -Duser.language=fr -Duser.variant com.namhto.lwjgl.EntryPoint

Host: Intel(R) Core(TM) i7-9750H CPU @ 2.60GHz, 12 cores, 15G,  Windows 10 , 64 bit Build 18362 (10.0.18362.959)
Time: Sun Jul 19 23:04:05 2020 Paris, Madrid (heure d?été) elapsed time: 0 seconds (0d 0h 0m 0s)

---------------  T H R E A D  ---------------

Current thread (0x00000239f5f34800):  JavaThread "main" [_thread_in_native, id=3548, stack(0x0000009208300000,0x0000009208400000)]

Stack: [0x0000009208300000,0x0000009208400000],  sp=0x00000092083fef00,  free space=1019k
Native frames: (J=compiled Java code, j=interpreted, Vv=VM code, C=native code)
C  [ig9icd64.dll+0x151ce0]

Java frames: (J=compiled Java code, j=interpreted, Vv=VM code)
j  org.lwjgl.opengl.GL15C.nglBufferData(IJJI)V+0
j  org.lwjgl.opengl.GL15C.glBufferData(ILjava/nio/FloatBuffer;I)V+15
j  org.lwjgl.opengl.GL15.glBufferData(ILjava/nio/FloatBuffer;I)V+3
j  com.namhto.lwjgl.EntryPoint.loop()V+64
j  com.namhto.lwjgl.EntryPoint.run()V+5
j  com.namhto.lwjgl.EntryPoint.main([Ljava/lang/String;)V+7
v  ~StubRoutines::call_stub

siginfo: EXCEPTION_ACCESS_VIOLATION (0xc0000005), reading address 0x0000000000000010


Register to memory mapping:

RIP=0x00007ffc70771ce0 ig9icd64.dll
RAX=0x0 is NULL
RBX=0x0 is NULL
RCX=0x0 is NULL
RDX=0x0000000000000010 is an unknown value
RSP=0x00000092083fef00 is pointing into the stack for thread: 0x00000239f5f34800
RBP=0x000002399ac22a50 points into unknown readable memory: 00 00 00 00 00 00 00 00
RSI=0x000002399c29db00 points into unknown readable memory: 00 70 76 9e 39 02 00 00
RDI=0x000002399e767000 points into unknown readable memory: 00 00 00 00 00 00 00 00
R8 =0x0000000000000018 is an unknown value
R9 =0x0 is NULL
R10=0x0000000000000001 is an unknown value
R11=0x0000000000000246 is an unknown value
R12=0x0000000000000038 is an unknown value
R13=0x000002399bf4a540 points into unknown readable memory: 00 0c f0 9b 39 02 00 00
R14=0x0000000000000002 is an unknown value
R15=0x0000000000000018 is an unknown value


Registers:
RAX=0x0000000000000000, RBX=0x0000000000000000, RCX=0x0000000000000000, RDX=0x0000000000000010
RSP=0x00000092083fef00, RBP=0x000002399ac22a50, RSI=0x000002399c29db00, RDI=0x000002399e767000
R8 =0x0000000000000018, R9 =0x0000000000000000, R10=0x0000000000000001, R11=0x0000000000000246
R12=0x0000000000000038, R13=0x000002399bf4a540, R14=0x0000000000000002, R15=0x0000000000000018
RIP=0x00007ffc70771ce0, EFLAGS=0x0000000000010202

Top of Stack: (sp=0x00000092083fef00)
0x00000092083fef00:   0000000000000000 0000000000000000
0x00000092083fef10:   0000000000000000 0000000000000000
0x00000092083fef20:   0000000000000010 00007ffc7071b685
0x00000092083fef30:   0000000000000000 000002399ac22a50
0x00000092083fef40:   000002399c29db00 0000000000000000
0x00000092083fef50:   0000000000000001 0000000000000000
0x00000092083fef60:   0000000000000000 000002399ac22a50
0x00000092083fef70:   0000000000000010 000002399ac229a0
0x00000092083fef80:   000002399bf4a540 0000000000000000
0x00000092083fef90:   000002399c0ce9e0 00007ffc707dec14
0x00000092083fefa0:   0000000000000018 0000023900000044
0x00000092083fefb0:   00000239f5f34f01 0000003800000003
0x00000092083fefc0:   0000000000000010 00000092083feff0
0x00000092083fefd0:   000002399ab0b601 0000000000000001
0x00000092083fefe0:   000002398000a100 0000000000000010
0x00000092083feff0:   000002399c1f7c10 fffffffffffffffe 

Instructions: (pc=0x00007ffc70771ce0)
0x00007ffc70771be0:   3f 66 0f e7 77 10 66 0f e7 6f 20 66 0f e7 67 30
0x00007ffc70771bf0:   66 0f e7 5f 40 66 0f e7 57 50 66 0f e7 4f 60 66
0x00007ffc70771c00:   0f e7 47 70 48 83 ef 80 48 83 ea 80 49 3b c1 72
0x00007ffc70771c10:   9f 41 83 e0 7f 0f 84 e0 00 00 00 45 8b d0 44 8b
0x00007ffc70771c20:   c9 49 c1 ea 04 4d 85 d2 0f 84 cd 00 00 00 66 90
0x00007ffc70771c30:   f3 0f 6f 02 41 ff c1 48 83 c2 10 41 8b c1 66 0f
0x00007ffc70771c40:   e7 07 48 83 c7 10 49 3b c2 72 e5 e9 ab 00 00 00
0x00007ffc70771c50:   4d 85 c9 74 6c 66 66 66 0f 1f 84 00 00 00 00 00
0x00007ffc70771c60:   f3 0f 6f 3a 41 ff c2 f3 0f 6f 72 10 f3 0f 6f 6a
0x00007ffc70771c70:   20 f3 0f 6f 62 30 f3 0f 6f 5a 40 f3 0f 6f 52 50
0x00007ffc70771c80:   f3 0f 6f 4a 60 f3 0f 6f 42 70 48 83 ea 80 66 0f
0x00007ffc70771c90:   e7 3f 66 0f e7 77 10 66 0f e7 6f 20 66 0f e7 67
0x00007ffc70771ca0:   30 66 0f e7 5f 40 66 0f e7 57 50 66 0f e7 4f 60
0x00007ffc70771cb0:   66 0f e7 47 70 48 83 ef 80 41 8b c2 49 3b c1 72
0x00007ffc70771cc0:   9f 41 83 e0 7f 74 34 45 8b d0 44 8b c9 49 c1 ea
0x00007ffc70771cd0:   04 4d 85 d2 74 25 66 66 0f 1f 84 00 00 00 00 00
0x00007ffc70771ce0:   f3 0f 6f 02 41 ff c1 66 0f e7 07 48 83 c7 10 41
0x00007ffc70771cf0:   8b c1 48 83 c2 10 49 3b c2 72 e5 0f 28 74 24 10
0x00007ffc70771d00:   0f 28 3c 24 41 83 e0 0f 74 49 45 8b d0 44 8b c9
0x00007ffc70771d10:   49 c1 ea 02 4d 85 d2 74 1e 0f 1f 80 00 00 00 00
0x00007ffc70771d20:   8b 02 41 ff c1 89 07 48 83 c2 04 48 83 c7 04 41
0x00007ffc70771d30:   8b c1 49 3b c2 72 e9 41 83 e0 03 76 16 48 2b d7
0x00007ffc70771d40:   0f b6 04 3a ff c1 88 07 48 8d 7f 01 8b c1 49 3b
0x00007ffc70771d50:   c0 72 ed 48 83 c4 20 5f c3 cc cc cc cc cc cc cc
0x00007ffc70771d60:   8b 01 83 c0 f2 83 f8 1a 77 7f 4c 8d 05 8f e2 ea
0x00007ffc70771d70:   ff 48 98 41 0f b6 84 00 10 1e 15 00 41 8b 94 80
0x00007ffc70771d80:   ec 1d 15 00 49 03 d0 ff e2 c7 01 23 00 00 00 b8
0x00007ffc70771d90:   01 00 00 00 c3 c7 01 24 00 00 00 b8 02 00 00 00
0x00007ffc70771da0:   c3 c7 01 1b 00 00 00 b8 01 00 00 00 c3 c7 01 1c
0x00007ffc70771db0:   00 00 00 b8 02 00 00 00 c3 c7 01 13 00 00 00 b8
0x00007ffc70771dc0:   01 00 00 00 c3 c7 01 14 00 00 00 b8 02 00 00 00
0x00007ffc70771dd0:   c3 c7 01 0a 00 00 00 b8 01 00 00 00 c3 c7 01 0b 


Stack slot to memory mapping:
stack at sp + 0 slots: 0x0 is NULL
stack at sp + 1 slots: 0x0 is NULL
stack at sp + 2 slots: 0x0 is NULL
stack at sp + 3 slots: 0x0 is NULL
stack at sp + 4 slots: 0x0000000000000010 is an unknown value
stack at sp + 5 slots: 0x00007ffc7071b685 ig9icd64.dll
stack at sp + 6 slots: 0x0 is NULL
stack at sp + 7 slots: 0x000002399ac22a50 points into unknown readable memory: 00 00 00 00 00 00 00 00


---------------  P R O C E S S  ---------------

Threads class SMR info:
_java_thread_list=0x000002399c39b430, length=12, elements={
0x00000239f5f34800, 0x000002399a371800, 0x000002399a372800, 0x000002399ac1a000,
0x000002399ac1b000, 0x000002399ac1f800, 0x000002399ac20800, 0x000002399ac27000,
0x000002399ac32000, 0x000002399ad69800, 0x000002399ad6f000, 0x000002399c265800
}

Java Threads: ( => current thread )
=>0x00000239f5f34800 JavaThread "main" [_thread_in_native, id=3548, stack(0x0000009208300000,0x0000009208400000)]
  0x000002399a371800 JavaThread "Reference Handler" daemon [_thread_blocked, id=14668, stack(0x0000009208a00000,0x0000009208b00000)]
  0x000002399a372800 JavaThread "Finalizer" daemon [_thread_blocked, id=11808, stack(0x0000009208b00000,0x0000009208c00000)]
  0x000002399ac1a000 JavaThread "Signal Dispatcher" daemon [_thread_blocked, id=10948, stack(0x0000009208c00000,0x0000009208d00000)]
  0x000002399ac1b000 JavaThread "Attach Listener" daemon [_thread_blocked, id=7948, stack(0x0000009208d00000,0x0000009208e00000)]
  0x000002399ac1f800 JavaThread "Service Thread" daemon [_thread_blocked, id=1336, stack(0x0000009208e00000,0x0000009208f00000)]
  0x000002399ac20800 JavaThread "C2 CompilerThread0" daemon [_thread_blocked, id=1704, stack(0x0000009208f00000,0x0000009209000000)]
  0x000002399ac27000 JavaThread "C1 CompilerThread0" daemon [_thread_blocked, id=14712, stack(0x0000009209000000,0x0000009209100000)]
  0x000002399ac32000 JavaThread "Sweeper thread" daemon [_thread_blocked, id=14060, stack(0x0000009209100000,0x0000009209200000)]
  0x000002399ad69800 JavaThread "Notification Thread" daemon [_thread_blocked, id=14956, stack(0x0000009209200000,0x0000009209300000)]
  0x000002399ad6f000 JavaThread "Common-Cleaner" daemon [_thread_blocked, id=10104, stack(0x0000009209400000,0x0000009209500000)]
  0x000002399c265800 JavaThread "C2 CompilerThread1" daemon [_thread_blocked, id=168, stack(0x0000009209a00000,0x0000009209b00000)]

Other Threads:
  0x000002399a36c800 VMThread "VM Thread" [stack: 0x0000009208900000,0x0000009208a00000] [id=1828]
  0x000002399ad6a800 WatcherThread [stack: 0x0000009209300000,0x0000009209400000] [id=15168]
  0x00000239f5f97800 GCTaskThread "GC Thread#0" [stack: 0x0000009208400000,0x0000009208500000] [id=14696]
  0x00000239f5fba000 ConcurrentGCThread "G1 Main Marker" [stack: 0x0000009208500000,0x0000009208600000] [id=1500]
  0x00000239f5fbb800 ConcurrentGCThread "G1 Conc#0" [stack: 0x0000009208600000,0x0000009208700000] [id=4088]
  0x000002399a25a800 ConcurrentGCThread "G1 Refine#0" [stack: 0x0000009208700000,0x0000009208800000] [id=10464]
  0x000002399a25b800 ConcurrentGCThread "G1 Young RemSet Sampling" [stack: 0x0000009208800000,0x0000009208900000] [id=11452]

Threads with active compile tasks:

VM state:not at safepoint (normal execution)

VM Mutex/Monitor currently owned by a thread: None

Heap address: 0x0000000702400000, size: 4060 MB, Compressed Oops mode: Zero based, Oop shift amount: 3
Narrow klass base: 0x0000000800000000, Narrow klass shift: 3
Compressed class space size: 1073741824 Address: 0x0000000800b40000

Heap:
 garbage-first heap   total 260096K, used 15360K [0x0000000702400000, 0x0000000800000000)
  region size 1024K, 17 young (17408K), 0 survivors (0K)
 Metaspace       used 5152K, capacity 8251K, committed 8576K, reserved 1056768K
  class space    used 260K, capacity 565K, committed 640K, reserved 1048576K
Heap Regions: E=young(eden), S=young(survivor), O=old, HS=humongous(starts), HC=humongous(continues), CS=collection set, F=free, OA=open archive, CA=closed archive, TAMS=top-at-mark-start (previous, next)
|   0|0x0000000702400000, 0x0000000702400000, 0x0000000702500000|  0%| F|  |TAMS 0x0000000702400000, 0x0000000702400000| Untracked 
|   1|0x0000000702500000, 0x0000000702500000, 0x0000000702600000|  0%| F|  |TAMS 0x0000000702500000, 0x0000000702500000| Untracked 
|   2|0x0000000702600000, 0x0000000702600000, 0x0000000702700000|  0%| F|  |TAMS 0x0000000702600000, 0x0000000702600000| Untracked 
|   3|0x0000000702700000, 0x0000000702700000, 0x0000000702800000|  0%| F|  |TAMS 0x0000000702700000, 0x0000000702700000| Untracked 
|   4|0x0000000702800000, 0x0000000702800000, 0x0000000702900000|  0%| F|  |TAMS 0x0000000702800000, 0x0000000702800000| Untracked 
|   5|0x0000000702900000, 0x0000000702900000, 0x0000000702a00000|  0%| F|  |TAMS 0x0000000702900000, 0x0000000702900000| Untracked 
|   6|0x0000000702a00000, 0x0000000702a00000, 0x0000000702b00000|  0%| F|  |TAMS 0x0000000702a00000, 0x0000000702a00000| Untracked 
|   7|0x0000000702b00000, 0x0000000702b00000, 0x0000000702c00000|  0%| F|  |TAMS 0x0000000702b00000, 0x0000000702b00000| Untracked 
|   8|0x0000000702c00000, 0x0000000702c00000, 0x0000000702d00000|  0%| F|  |TAMS 0x0000000702c00000, 0x0000000702c00000| Untracked 
|   9|0x0000000702d00000, 0x0000000702d00000, 0x0000000702e00000|  0%| F|  |TAMS 0x0000000702d00000, 0x0000000702d00000| Untracked 
|  10|0x0000000702e00000, 0x0000000702e00000, 0x0000000702f00000|  0%| F|  |TAMS 0x0000000702e00000, 0x0000000702e00000| Untracked 
|  11|0x0000000702f00000, 0x0000000702f00000, 0x0000000703000000|  0%| F|  |TAMS 0x0000000702f00000, 0x0000000702f00000| Untracked 
|  12|0x0000000703000000, 0x0000000703000000, 0x0000000703100000|  0%| F|  |TAMS 0x0000000703000000, 0x0000000703000000| Untracked 
|  13|0x0000000703100000, 0x0000000703100000, 0x0000000703200000|  0%| F|  |TAMS 0x0000000703100000, 0x0000000703100000| Untracked 
|  14|0x0000000703200000, 0x0000000703200000, 0x0000000703300000|  0%| F|  |TAMS 0x0000000703200000, 0x0000000703200000| Untracked 
|  15|0x0000000703300000, 0x0000000703300000, 0x0000000703400000|  0%| F|  |TAMS 0x0000000703300000, 0x0000000703300000| Untracked 
|  16|0x0000000703400000, 0x0000000703400000, 0x0000000703500000|  0%| F|  |TAMS 0x0000000703400000, 0x0000000703400000| Untracked 
|  17|0x0000000703500000, 0x0000000703500000, 0x0000000703600000|  0%| F|  |TAMS 0x0000000703500000, 0x0000000703500000| Untracked 
|  18|0x0000000703600000, 0x0000000703600000, 0x0000000703700000|  0%| F|  |TAMS 0x0000000703600000, 0x0000000703600000| Untracked 
|  19|0x0000000703700000, 0x0000000703700000, 0x0000000703800000|  0%| F|  |TAMS 0x0000000703700000, 0x0000000703700000| Untracked 
|  20|0x0000000703800000, 0x0000000703800000, 0x0000000703900000|  0%| F|  |TAMS 0x0000000703800000, 0x0000000703800000| Untracked 
|  21|0x0000000703900000, 0x0000000703900000, 0x0000000703a00000|  0%| F|  |TAMS 0x0000000703900000, 0x0000000703900000| Untracked 
|  22|0x0000000703a00000, 0x0000000703a00000, 0x0000000703b00000|  0%| F|  |TAMS 0x0000000703a00000, 0x0000000703a00000| Untracked 
|  23|0x0000000703b00000, 0x0000000703b00000, 0x0000000703c00000|  0%| F|  |TAMS 0x0000000703b00000, 0x0000000703b00000| Untracked 
|  24|0x0000000703c00000, 0x0000000703c00000, 0x0000000703d00000|  0%| F|  |TAMS 0x0000000703c00000, 0x0000000703c00000| Untracked 
|  25|0x0000000703d00000, 0x0000000703d00000, 0x0000000703e00000|  0%| F|  |TAMS 0x0000000703d00000, 0x0000000703d00000| Untracked 
|  26|0x0000000703e00000, 0x0000000703e00000, 0x0000000703f00000|  0%| F|  |TAMS 0x0000000703e00000, 0x0000000703e00000| Untracked 
|  27|0x0000000703f00000, 0x0000000703f00000, 0x0000000704000000|  0%| F|  |TAMS 0x0000000703f00000, 0x0000000703f00000| Untracked 
|  28|0x0000000704000000, 0x0000000704000000, 0x0000000704100000|  0%| F|  |TAMS 0x0000000704000000, 0x0000000704000000| Untracked 
|  29|0x0000000704100000, 0x0000000704100000, 0x0000000704200000|  0%| F|  |TAMS 0x0000000704100000, 0x0000000704100000| Untracked 
|  30|0x0000000704200000, 0x0000000704200000, 0x0000000704300000|  0%| F|  |TAMS 0x0000000704200000, 0x0000000704200000| Untracked 
|  31|0x0000000704300000, 0x0000000704300000, 0x0000000704400000|  0%| F|  |TAMS 0x0000000704300000, 0x0000000704300000| Untracked 
|  32|0x0000000704400000, 0x0000000704400000, 0x0000000704500000|  0%| F|  |TAMS 0x0000000704400000, 0x0000000704400000| Untracked 
|  33|0x0000000704500000, 0x0000000704500000, 0x0000000704600000|  0%| F|  |TAMS 0x0000000704500000, 0x0000000704500000| Untracked 
|  34|0x0000000704600000, 0x0000000704600000, 0x0000000704700000|  0%| F|  |TAMS 0x0000000704600000, 0x0000000704600000| Untracked 
|  35|0x0000000704700000, 0x0000000704700000, 0x0000000704800000|  0%| F|  |TAMS 0x0000000704700000, 0x0000000704700000| Untracked 
|  36|0x0000000704800000, 0x0000000704800000, 0x0000000704900000|  0%| F|  |TAMS 0x0000000704800000, 0x0000000704800000| Untracked 
|  37|0x0000000704900000, 0x0000000704900000, 0x0000000704a00000|  0%| F|  |TAMS 0x0000000704900000, 0x0000000704900000| Untracked 
|  38|0x0000000704a00000, 0x0000000704a00000, 0x0000000704b00000|  0%| F|  |TAMS 0x0000000704a00000, 0x0000000704a00000| Untracked 
|  39|0x0000000704b00000, 0x0000000704b00000, 0x0000000704c00000|  0%| F|  |TAMS 0x0000000704b00000, 0x0000000704b00000| Untracked 
|  40|0x0000000704c00000, 0x0000000704c00000, 0x0000000704d00000|  0%| F|  |TAMS 0x0000000704c00000, 0x0000000704c00000| Untracked 
|  41|0x0000000704d00000, 0x0000000704d00000, 0x0000000704e00000|  0%| F|  |TAMS 0x0000000704d00000, 0x0000000704d00000| Untracked 
|  42|0x0000000704e00000, 0x0000000704e00000, 0x0000000704f00000|  0%| F|  |TAMS 0x0000000704e00000, 0x0000000704e00000| Untracked 
|  43|0x0000000704f00000, 0x0000000704f00000, 0x0000000705000000|  0%| F|  |TAMS 0x0000000704f00000, 0x0000000704f00000| Untracked 
|  44|0x0000000705000000, 0x0000000705000000, 0x0000000705100000|  0%| F|  |TAMS 0x0000000705000000, 0x0000000705000000| Untracked 
|  45|0x0000000705100000, 0x0000000705100000, 0x0000000705200000|  0%| F|  |TAMS 0x0000000705100000, 0x0000000705100000| Untracked 
|  46|0x0000000705200000, 0x0000000705200000, 0x0000000705300000|  0%| F|  |TAMS 0x0000000705200000, 0x0000000705200000| Untracked 
|  47|0x0000000705300000, 0x0000000705300000, 0x0000000705400000|  0%| F|  |TAMS 0x0000000705300000, 0x0000000705300000| Untracked 
|  48|0x0000000705400000, 0x0000000705400000, 0x0000000705500000|  0%| F|  |TAMS 0x0000000705400000, 0x0000000705400000| Untracked 
|  49|0x0000000705500000, 0x0000000705500000, 0x0000000705600000|  0%| F|  |TAMS 0x0000000705500000, 0x0000000705500000| Untracked 
|  50|0x0000000705600000, 0x0000000705600000, 0x0000000705700000|  0%| F|  |TAMS 0x0000000705600000, 0x0000000705600000| Untracked 
|  51|0x0000000705700000, 0x0000000705700000, 0x0000000705800000|  0%| F|  |TAMS 0x0000000705700000, 0x0000000705700000| Untracked 
|  52|0x0000000705800000, 0x0000000705800000, 0x0000000705900000|  0%| F|  |TAMS 0x0000000705800000, 0x0000000705800000| Untracked 
|  53|0x0000000705900000, 0x0000000705900000, 0x0000000705a00000|  0%| F|  |TAMS 0x0000000705900000, 0x0000000705900000| Untracked 
|  54|0x0000000705a00000, 0x0000000705a00000, 0x0000000705b00000|  0%| F|  |TAMS 0x0000000705a00000, 0x0000000705a00000| Untracked 
|  55|0x0000000705b00000, 0x0000000705b00000, 0x0000000705c00000|  0%| F|  |TAMS 0x0000000705b00000, 0x0000000705b00000| Untracked 
|  56|0x0000000705c00000, 0x0000000705c00000, 0x0000000705d00000|  0%| F|  |TAMS 0x0000000705c00000, 0x0000000705c00000| Untracked 
|  57|0x0000000705d00000, 0x0000000705d00000, 0x0000000705e00000|  0%| F|  |TAMS 0x0000000705d00000, 0x0000000705d00000| Untracked 
|  58|0x0000000705e00000, 0x0000000705e00000, 0x0000000705f00000|  0%| F|  |TAMS 0x0000000705e00000, 0x0000000705e00000| Untracked 
|  59|0x0000000705f00000, 0x0000000705f00000, 0x0000000706000000|  0%| F|  |TAMS 0x0000000705f00000, 0x0000000705f00000| Untracked 
|  60|0x0000000706000000, 0x0000000706000000, 0x0000000706100000|  0%| F|  |TAMS 0x0000000706000000, 0x0000000706000000| Untracked 
|  61|0x0000000706100000, 0x0000000706100000, 0x0000000706200000|  0%| F|  |TAMS 0x0000000706100000, 0x0000000706100000| Untracked 
|  62|0x0000000706200000, 0x0000000706200000, 0x0000000706300000|  0%| F|  |TAMS 0x0000000706200000, 0x0000000706200000| Untracked 
|  63|0x0000000706300000, 0x0000000706300000, 0x0000000706400000|  0%| F|  |TAMS 0x0000000706300000, 0x0000000706300000| Untracked 
|  64|0x0000000706400000, 0x0000000706400000, 0x0000000706500000|  0%| F|  |TAMS 0x0000000706400000, 0x0000000706400000| Untracked 
|  65|0x0000000706500000, 0x0000000706500000, 0x0000000706600000|  0%| F|  |TAMS 0x0000000706500000, 0x0000000706500000| Untracked 
|  66|0x0000000706600000, 0x0000000706600000, 0x0000000706700000|  0%| F|  |TAMS 0x0000000706600000, 0x0000000706600000| Untracked 
|  67|0x0000000706700000, 0x0000000706700000, 0x0000000706800000|  0%| F|  |TAMS 0x0000000706700000, 0x0000000706700000| Untracked 
|  68|0x0000000706800000, 0x0000000706800000, 0x0000000706900000|  0%| F|  |TAMS 0x0000000706800000, 0x0000000706800000| Untracked 
|  69|0x0000000706900000, 0x0000000706900000, 0x0000000706a00000|  0%| F|  |TAMS 0x0000000706900000, 0x0000000706900000| Untracked 
|  70|0x0000000706a00000, 0x0000000706a00000, 0x0000000706b00000|  0%| F|  |TAMS 0x0000000706a00000, 0x0000000706a00000| Untracked 
|  71|0x0000000706b00000, 0x0000000706b00000, 0x0000000706c00000|  0%| F|  |TAMS 0x0000000706b00000, 0x0000000706b00000| Untracked 
|  72|0x0000000706c00000, 0x0000000706c00000, 0x0000000706d00000|  0%| F|  |TAMS 0x0000000706c00000, 0x0000000706c00000| Untracked 
|  73|0x0000000706d00000, 0x0000000706d00000, 0x0000000706e00000|  0%| F|  |TAMS 0x0000000706d00000, 0x0000000706d00000| Untracked 
|  74|0x0000000706e00000, 0x0000000706e00000, 0x0000000706f00000|  0%| F|  |TAMS 0x0000000706e00000, 0x0000000706e00000| Untracked 
|  75|0x0000000706f00000, 0x0000000706f00000, 0x0000000707000000|  0%| F|  |TAMS 0x0000000706f00000, 0x0000000706f00000| Untracked 
|  76|0x0000000707000000, 0x0000000707000000, 0x0000000707100000|  0%| F|  |TAMS 0x0000000707000000, 0x0000000707000000| Untracked 
|  77|0x0000000707100000, 0x0000000707100000, 0x0000000707200000|  0%| F|  |TAMS 0x0000000707100000, 0x0000000707100000| Untracked 
|  78|0x0000000707200000, 0x0000000707200000, 0x0000000707300000|  0%| F|  |TAMS 0x0000000707200000, 0x0000000707200000| Untracked 
|  79|0x0000000707300000, 0x0000000707300000, 0x0000000707400000|  0%| F|  |TAMS 0x0000000707300000, 0x0000000707300000| Untracked 
|  80|0x0000000707400000, 0x0000000707400000, 0x0000000707500000|  0%| F|  |TAMS 0x0000000707400000, 0x0000000707400000| Untracked 
|  81|0x0000000707500000, 0x0000000707500000, 0x0000000707600000|  0%| F|  |TAMS 0x0000000707500000, 0x0000000707500000| Untracked 
|  82|0x0000000707600000, 0x0000000707600000, 0x0000000707700000|  0%| F|  |TAMS 0x0000000707600000, 0x0000000707600000| Untracked 
|  83|0x0000000707700000, 0x0000000707700000, 0x0000000707800000|  0%| F|  |TAMS 0x0000000707700000, 0x0000000707700000| Untracked 
|  84|0x0000000707800000, 0x0000000707800000, 0x0000000707900000|  0%| F|  |TAMS 0x0000000707800000, 0x0000000707800000| Untracked 
|  85|0x0000000707900000, 0x0000000707900000, 0x0000000707a00000|  0%| F|  |TAMS 0x0000000707900000, 0x0000000707900000| Untracked 
|  86|0x0000000707a00000, 0x0000000707a00000, 0x0000000707b00000|  0%| F|  |TAMS 0x0000000707a00000, 0x0000000707a00000| Untracked 
|  87|0x0000000707b00000, 0x0000000707b00000, 0x0000000707c00000|  0%| F|  |TAMS 0x0000000707b00000, 0x0000000707b00000| Untracked 
|  88|0x0000000707c00000, 0x0000000707c00000, 0x0000000707d00000|  0%| F|  |TAMS 0x0000000707c00000, 0x0000000707c00000| Untracked 
|  89|0x0000000707d00000, 0x0000000707d00000, 0x0000000707e00000|  0%| F|  |TAMS 0x0000000707d00000, 0x0000000707d00000| Untracked 
|  90|0x0000000707e00000, 0x0000000707e00000, 0x0000000707f00000|  0%| F|  |TAMS 0x0000000707e00000, 0x0000000707e00000| Untracked 
|  91|0x0000000707f00000, 0x0000000707f00000, 0x0000000708000000|  0%| F|  |TAMS 0x0000000707f00000, 0x0000000707f00000| Untracked 
|  92|0x0000000708000000, 0x0000000708000000, 0x0000000708100000|  0%| F|  |TAMS 0x0000000708000000, 0x0000000708000000| Untracked 
|  93|0x0000000708100000, 0x0000000708100000, 0x0000000708200000|  0%| F|  |TAMS 0x0000000708100000, 0x0000000708100000| Untracked 
|  94|0x0000000708200000, 0x0000000708200000, 0x0000000708300000|  0%| F|  |TAMS 0x0000000708200000, 0x0000000708200000| Untracked 
|  95|0x0000000708300000, 0x0000000708300000, 0x0000000708400000|  0%| F|  |TAMS 0x0000000708300000, 0x0000000708300000| Untracked 
|  96|0x0000000708400000, 0x0000000708400000, 0x0000000708500000|  0%| F|  |TAMS 0x0000000708400000, 0x0000000708400000| Untracked 
|  97|0x0000000708500000, 0x0000000708500000, 0x0000000708600000|  0%| F|  |TAMS 0x0000000708500000, 0x0000000708500000| Untracked 
|  98|0x0000000708600000, 0x0000000708600000, 0x0000000708700000|  0%| F|  |TAMS 0x0000000708600000, 0x0000000708600000| Untracked 
|  99|0x0000000708700000, 0x0000000708700000, 0x0000000708800000|  0%| F|  |TAMS 0x0000000708700000, 0x0000000708700000| Untracked 
| 100|0x0000000708800000, 0x0000000708800000, 0x0000000708900000|  0%| F|  |TAMS 0x0000000708800000, 0x0000000708800000| Untracked 
| 101|0x0000000708900000, 0x0000000708900000, 0x0000000708a00000|  0%| F|  |TAMS 0x0000000708900000, 0x0000000708900000| Untracked 
| 102|0x0000000708a00000, 0x0000000708a00000, 0x0000000708b00000|  0%| F|  |TAMS 0x0000000708a00000, 0x0000000708a00000| Untracked 
| 103|0x0000000708b00000, 0x0000000708b00000, 0x0000000708c00000|  0%| F|  |TAMS 0x0000000708b00000, 0x0000000708b00000| Untracked 
| 104|0x0000000708c00000, 0x0000000708c00000, 0x0000000708d00000|  0%| F|  |TAMS 0x0000000708c00000, 0x0000000708c00000| Untracked 
| 105|0x0000000708d00000, 0x0000000708d00000, 0x0000000708e00000|  0%| F|  |TAMS 0x0000000708d00000, 0x0000000708d00000| Untracked 
| 106|0x0000000708e00000, 0x0000000708e00000, 0x0000000708f00000|  0%| F|  |TAMS 0x0000000708e00000, 0x0000000708e00000| Untracked 
| 107|0x0000000708f00000, 0x0000000708f00000, 0x0000000709000000|  0%| F|  |TAMS 0x0000000708f00000, 0x0000000708f00000| Untracked 
| 108|0x0000000709000000, 0x0000000709000000, 0x0000000709100000|  0%| F|  |TAMS 0x0000000709000000, 0x0000000709000000| Untracked 
| 109|0x0000000709100000, 0x0000000709100000, 0x0000000709200000|  0%| F|  |TAMS 0x0000000709100000, 0x0000000709100000| Untracked 
| 110|0x0000000709200000, 0x0000000709200000, 0x0000000709300000|  0%| F|  |TAMS 0x0000000709200000, 0x0000000709200000| Untracked 
| 111|0x0000000709300000, 0x0000000709300000, 0x0000000709400000|  0%| F|  |TAMS 0x0000000709300000, 0x0000000709300000| Untracked 
| 112|0x0000000709400000, 0x0000000709400000, 0x0000000709500000|  0%| F|  |TAMS 0x0000000709400000, 0x0000000709400000| Untracked 
| 113|0x0000000709500000, 0x0000000709500000, 0x0000000709600000|  0%| F|  |TAMS 0x0000000709500000, 0x0000000709500000| Untracked 
| 114|0x0000000709600000, 0x0000000709600000, 0x0000000709700000|  0%| F|  |TAMS 0x0000000709600000, 0x0000000709600000| Untracked 
| 115|0x0000000709700000, 0x0000000709700000, 0x0000000709800000|  0%| F|  |TAMS 0x0000000709700000, 0x0000000709700000| Untracked 
| 116|0x0000000709800000, 0x0000000709800000, 0x0000000709900000|  0%| F|  |TAMS 0x0000000709800000, 0x0000000709800000| Untracked 
| 117|0x0000000709900000, 0x0000000709900000, 0x0000000709a00000|  0%| F|  |TAMS 0x0000000709900000, 0x0000000709900000| Untracked 
| 118|0x0000000709a00000, 0x0000000709a00000, 0x0000000709b00000|  0%| F|  |TAMS 0x0000000709a00000, 0x0000000709a00000| Untracked 
| 119|0x0000000709b00000, 0x0000000709b00000, 0x0000000709c00000|  0%| F|  |TAMS 0x0000000709b00000, 0x0000000709b00000| Untracked 
| 120|0x0000000709c00000, 0x0000000709c00000, 0x0000000709d00000|  0%| F|  |TAMS 0x0000000709c00000, 0x0000000709c00000| Untracked 
| 121|0x0000000709d00000, 0x0000000709d00000, 0x0000000709e00000|  0%| F|  |TAMS 0x0000000709d00000, 0x0000000709d00000| Untracked 
| 122|0x0000000709e00000, 0x0000000709e00000, 0x0000000709f00000|  0%| F|  |TAMS 0x0000000709e00000, 0x0000000709e00000| Untracked 
| 123|0x0000000709f00000, 0x0000000709f00000, 0x000000070a000000|  0%| F|  |TAMS 0x0000000709f00000, 0x0000000709f00000| Untracked 
| 124|0x000000070a000000, 0x000000070a000000, 0x000000070a100000|  0%| F|  |TAMS 0x000000070a000000, 0x000000070a000000| Untracked 
| 125|0x000000070a100000, 0x000000070a100000, 0x000000070a200000|  0%| F|  |TAMS 0x000000070a100000, 0x000000070a100000| Untracked 
| 126|0x000000070a200000, 0x000000070a200000, 0x000000070a300000|  0%| F|  |TAMS 0x000000070a200000, 0x000000070a200000| Untracked 
| 127|0x000000070a300000, 0x000000070a300000, 0x000000070a400000|  0%| F|  |TAMS 0x000000070a300000, 0x000000070a300000| Untracked 
| 128|0x000000070a400000, 0x000000070a400000, 0x000000070a500000|  0%| F|  |TAMS 0x000000070a400000, 0x000000070a400000| Untracked 
| 129|0x000000070a500000, 0x000000070a500000, 0x000000070a600000|  0%| F|  |TAMS 0x000000070a500000, 0x000000070a500000| Untracked 
| 130|0x000000070a600000, 0x000000070a600000, 0x000000070a700000|  0%| F|  |TAMS 0x000000070a600000, 0x000000070a600000| Untracked 
| 131|0x000000070a700000, 0x000000070a700000, 0x000000070a800000|  0%| F|  |TAMS 0x000000070a700000, 0x000000070a700000| Untracked 
| 132|0x000000070a800000, 0x000000070a800000, 0x000000070a900000|  0%| F|  |TAMS 0x000000070a800000, 0x000000070a800000| Untracked 
| 133|0x000000070a900000, 0x000000070a900000, 0x000000070aa00000|  0%| F|  |TAMS 0x000000070a900000, 0x000000070a900000| Untracked 
| 134|0x000000070aa00000, 0x000000070aa00000, 0x000000070ab00000|  0%| F|  |TAMS 0x000000070aa00000, 0x000000070aa00000| Untracked 
| 135|0x000000070ab00000, 0x000000070ab00000, 0x000000070ac00000|  0%| F|  |TAMS 0x000000070ab00000, 0x000000070ab00000| Untracked 
| 136|0x000000070ac00000, 0x000000070ac00000, 0x000000070ad00000|  0%| F|  |TAMS 0x000000070ac00000, 0x000000070ac00000| Untracked 
| 137|0x000000070ad00000, 0x000000070ad00000, 0x000000070ae00000|  0%| F|  |TAMS 0x000000070ad00000, 0x000000070ad00000| Untracked 
| 138|0x000000070ae00000, 0x000000070ae00000, 0x000000070af00000|  0%| F|  |TAMS 0x000000070ae00000, 0x000000070ae00000| Untracked 
| 139|0x000000070af00000, 0x000000070af00000, 0x000000070b000000|  0%| F|  |TAMS 0x000000070af00000, 0x000000070af00000| Untracked 
| 140|0x000000070b000000, 0x000000070b000000, 0x000000070b100000|  0%| F|  |TAMS 0x000000070b000000, 0x000000070b000000| Untracked 
| 141|0x000000070b100000, 0x000000070b100000, 0x000000070b200000|  0%| F|  |TAMS 0x000000070b100000, 0x000000070b100000| Untracked 
| 142|0x000000070b200000, 0x000000070b200000, 0x000000070b300000|  0%| F|  |TAMS 0x000000070b200000, 0x000000070b200000| Untracked 
| 143|0x000000070b300000, 0x000000070b300000, 0x000000070b400000|  0%| F|  |TAMS 0x000000070b300000, 0x000000070b300000| Untracked 
| 144|0x000000070b400000, 0x000000070b400000, 0x000000070b500000|  0%| F|  |TAMS 0x000000070b400000, 0x000000070b400000| Untracked 
| 145|0x000000070b500000, 0x000000070b500000, 0x000000070b600000|  0%| F|  |TAMS 0x000000070b500000, 0x000000070b500000| Untracked 
| 146|0x000000070b600000, 0x000000070b600000, 0x000000070b700000|  0%| F|  |TAMS 0x000000070b600000, 0x000000070b600000| Untracked 
| 147|0x000000070b700000, 0x000000070b700000, 0x000000070b800000|  0%| F|  |TAMS 0x000000070b700000, 0x000000070b700000| Untracked 
| 148|0x000000070b800000, 0x000000070b800000, 0x000000070b900000|  0%| F|  |TAMS 0x000000070b800000, 0x000000070b800000| Untracked 
| 149|0x000000070b900000, 0x000000070b900000, 0x000000070ba00000|  0%| F|  |TAMS 0x000000070b900000, 0x000000070b900000| Untracked 
| 150|0x000000070ba00000, 0x000000070ba00000, 0x000000070bb00000|  0%| F|  |TAMS 0x000000070ba00000, 0x000000070ba00000| Untracked 
| 151|0x000000070bb00000, 0x000000070bb00000, 0x000000070bc00000|  0%| F|  |TAMS 0x000000070bb00000, 0x000000070bb00000| Untracked 
| 152|0x000000070bc00000, 0x000000070bc00000, 0x000000070bd00000|  0%| F|  |TAMS 0x000000070bc00000, 0x000000070bc00000| Untracked 
| 153|0x000000070bd00000, 0x000000070bd00000, 0x000000070be00000|  0%| F|  |TAMS 0x000000070bd00000, 0x000000070bd00000| Untracked 
| 154|0x000000070be00000, 0x000000070be00000, 0x000000070bf00000|  0%| F|  |TAMS 0x000000070be00000, 0x000000070be00000| Untracked 
| 155|0x000000070bf00000, 0x000000070bf00000, 0x000000070c000000|  0%| F|  |TAMS 0x000000070bf00000, 0x000000070bf00000| Untracked 
| 156|0x000000070c000000, 0x000000070c000000, 0x000000070c100000|  0%| F|  |TAMS 0x000000070c000000, 0x000000070c000000| Untracked 
| 157|0x000000070c100000, 0x000000070c100000, 0x000000070c200000|  0%| F|  |TAMS 0x000000070c100000, 0x000000070c100000| Untracked 
| 158|0x000000070c200000, 0x000000070c200000, 0x000000070c300000|  0%| F|  |TAMS 0x000000070c200000, 0x000000070c200000| Untracked 
| 159|0x000000070c300000, 0x000000070c300000, 0x000000070c400000|  0%| F|  |TAMS 0x000000070c300000, 0x000000070c300000| Untracked 
| 160|0x000000070c400000, 0x000000070c400000, 0x000000070c500000|  0%| F|  |TAMS 0x000000070c400000, 0x000000070c400000| Untracked 
| 161|0x000000070c500000, 0x000000070c500000, 0x000000070c600000|  0%| F|  |TAMS 0x000000070c500000, 0x000000070c500000| Untracked 
| 162|0x000000070c600000, 0x000000070c600000, 0x000000070c700000|  0%| F|  |TAMS 0x000000070c600000, 0x000000070c600000| Untracked 
| 163|0x000000070c700000, 0x000000070c700000, 0x000000070c800000|  0%| F|  |TAMS 0x000000070c700000, 0x000000070c700000| Untracked 
| 164|0x000000070c800000, 0x000000070c800000, 0x000000070c900000|  0%| F|  |TAMS 0x000000070c800000, 0x000000070c800000| Untracked 
| 165|0x000000070c900000, 0x000000070c900000, 0x000000070ca00000|  0%| F|  |TAMS 0x000000070c900000, 0x000000070c900000| Untracked 
| 166|0x000000070ca00000, 0x000000070ca00000, 0x000000070cb00000|  0%| F|  |TAMS 0x000000070ca00000, 0x000000070ca00000| Untracked 
| 167|0x000000070cb00000, 0x000000070cb00000, 0x000000070cc00000|  0%| F|  |TAMS 0x000000070cb00000, 0x000000070cb00000| Untracked 
| 168|0x000000070cc00000, 0x000000070cc00000, 0x000000070cd00000|  0%| F|  |TAMS 0x000000070cc00000, 0x000000070cc00000| Untracked 
| 169|0x000000070cd00000, 0x000000070cd00000, 0x000000070ce00000|  0%| F|  |TAMS 0x000000070cd00000, 0x000000070cd00000| Untracked 
| 170|0x000000070ce00000, 0x000000070ce00000, 0x000000070cf00000|  0%| F|  |TAMS 0x000000070ce00000, 0x000000070ce00000| Untracked 
| 171|0x000000070cf00000, 0x000000070cf00000, 0x000000070d000000|  0%| F|  |TAMS 0x000000070cf00000, 0x000000070cf00000| Untracked 
| 172|0x000000070d000000, 0x000000070d000000, 0x000000070d100000|  0%| F|  |TAMS 0x000000070d000000, 0x000000070d000000| Untracked 
| 173|0x000000070d100000, 0x000000070d100000, 0x000000070d200000|  0%| F|  |TAMS 0x000000070d100000, 0x000000070d100000| Untracked 
| 174|0x000000070d200000, 0x000000070d200000, 0x000000070d300000|  0%| F|  |TAMS 0x000000070d200000, 0x000000070d200000| Untracked 
| 175|0x000000070d300000, 0x000000070d300000, 0x000000070d400000|  0%| F|  |TAMS 0x000000070d300000, 0x000000070d300000| Untracked 
| 176|0x000000070d400000, 0x000000070d400000, 0x000000070d500000|  0%| F|  |TAMS 0x000000070d400000, 0x000000070d400000| Untracked 
| 177|0x000000070d500000, 0x000000070d500000, 0x000000070d600000|  0%| F|  |TAMS 0x000000070d500000, 0x000000070d500000| Untracked 
| 178|0x000000070d600000, 0x000000070d600000, 0x000000070d700000|  0%| F|  |TAMS 0x000000070d600000, 0x000000070d600000| Untracked 
| 179|0x000000070d700000, 0x000000070d700000, 0x000000070d800000|  0%| F|  |TAMS 0x000000070d700000, 0x000000070d700000| Untracked 
| 180|0x000000070d800000, 0x000000070d800000, 0x000000070d900000|  0%| F|  |TAMS 0x000000070d800000, 0x000000070d800000| Untracked 
| 181|0x000000070d900000, 0x000000070d900000, 0x000000070da00000|  0%| F|  |TAMS 0x000000070d900000, 0x000000070d900000| Untracked 
| 182|0x000000070da00000, 0x000000070da00000, 0x000000070db00000|  0%| F|  |TAMS 0x000000070da00000, 0x000000070da00000| Untracked 
| 183|0x000000070db00000, 0x000000070db00000, 0x000000070dc00000|  0%| F|  |TAMS 0x000000070db00000, 0x000000070db00000| Untracked 
| 184|0x000000070dc00000, 0x000000070dc00000, 0x000000070dd00000|  0%| F|  |TAMS 0x000000070dc00000, 0x000000070dc00000| Untracked 
| 185|0x000000070dd00000, 0x000000070dd00000, 0x000000070de00000|  0%| F|  |TAMS 0x000000070dd00000, 0x000000070dd00000| Untracked 
| 186|0x000000070de00000, 0x000000070de00000, 0x000000070df00000|  0%| F|  |TAMS 0x000000070de00000, 0x000000070de00000| Untracked 
| 187|0x000000070df00000, 0x000000070df00000, 0x000000070e000000|  0%| F|  |TAMS 0x000000070df00000, 0x000000070df00000| Untracked 
| 188|0x000000070e000000, 0x000000070e000000, 0x000000070e100000|  0%| F|  |TAMS 0x000000070e000000, 0x000000070e000000| Untracked 
| 189|0x000000070e100000, 0x000000070e100000, 0x000000070e200000|  0%| F|  |TAMS 0x000000070e100000, 0x000000070e100000| Untracked 
| 190|0x000000070e200000, 0x000000070e200000, 0x000000070e300000|  0%| F|  |TAMS 0x000000070e200000, 0x000000070e200000| Untracked 
| 191|0x000000070e300000, 0x000000070e300000, 0x000000070e400000|  0%| F|  |TAMS 0x000000070e300000, 0x000000070e300000| Untracked 
| 192|0x000000070e400000, 0x000000070e400000, 0x000000070e500000|  0%| F|  |TAMS 0x000000070e400000, 0x000000070e400000| Untracked 
| 193|0x000000070e500000, 0x000000070e500000, 0x000000070e600000|  0%| F|  |TAMS 0x000000070e500000, 0x000000070e500000| Untracked 
| 194|0x000000070e600000, 0x000000070e600000, 0x000000070e700000|  0%| F|  |TAMS 0x000000070e600000, 0x000000070e600000| Untracked 
| 195|0x000000070e700000, 0x000000070e700000, 0x000000070e800000|  0%| F|  |TAMS 0x000000070e700000, 0x000000070e700000| Untracked 
| 196|0x000000070e800000, 0x000000070e800000, 0x000000070e900000|  0%| F|  |TAMS 0x000000070e800000, 0x000000070e800000| Untracked 
| 197|0x000000070e900000, 0x000000070e900000, 0x000000070ea00000|  0%| F|  |TAMS 0x000000070e900000, 0x000000070e900000| Untracked 
| 198|0x000000070ea00000, 0x000000070ea00000, 0x000000070eb00000|  0%| F|  |TAMS 0x000000070ea00000, 0x000000070ea00000| Untracked 
| 199|0x000000070eb00000, 0x000000070eb00000, 0x000000070ec00000|  0%| F|  |TAMS 0x000000070eb00000, 0x000000070eb00000| Untracked 
| 200|0x000000070ec00000, 0x000000070ec00000, 0x000000070ed00000|  0%| F|  |TAMS 0x000000070ec00000, 0x000000070ec00000| Untracked 
| 201|0x000000070ed00000, 0x000000070ed00000, 0x000000070ee00000|  0%| F|  |TAMS 0x000000070ed00000, 0x000000070ed00000| Untracked 
| 202|0x000000070ee00000, 0x000000070ee00000, 0x000000070ef00000|  0%| F|  |TAMS 0x000000070ee00000, 0x000000070ee00000| Untracked 
| 203|0x000000070ef00000, 0x000000070ef00000, 0x000000070f000000|  0%| F|  |TAMS 0x000000070ef00000, 0x000000070ef00000| Untracked 
| 204|0x000000070f000000, 0x000000070f000000, 0x000000070f100000|  0%| F|  |TAMS 0x000000070f000000, 0x000000070f000000| Untracked 
| 205|0x000000070f100000, 0x000000070f100000, 0x000000070f200000|  0%| F|  |TAMS 0x000000070f100000, 0x000000070f100000| Untracked 
| 206|0x000000070f200000, 0x000000070f200000, 0x000000070f300000|  0%| F|  |TAMS 0x000000070f200000, 0x000000070f200000| Untracked 
| 207|0x000000070f300000, 0x000000070f300000, 0x000000070f400000|  0%| F|  |TAMS 0x000000070f300000, 0x000000070f300000| Untracked 
| 208|0x000000070f400000, 0x000000070f400000, 0x000000070f500000|  0%| F|  |TAMS 0x000000070f400000, 0x000000070f400000| Untracked 
| 209|0x000000070f500000, 0x000000070f500000, 0x000000070f600000|  0%| F|  |TAMS 0x000000070f500000, 0x000000070f500000| Untracked 
| 210|0x000000070f600000, 0x000000070f600000, 0x000000070f700000|  0%| F|  |TAMS 0x000000070f600000, 0x000000070f600000| Untracked 
| 211|0x000000070f700000, 0x000000070f700000, 0x000000070f800000|  0%| F|  |TAMS 0x000000070f700000, 0x000000070f700000| Untracked 
| 212|0x000000070f800000, 0x000000070f800000, 0x000000070f900000|  0%| F|  |TAMS 0x000000070f800000, 0x000000070f800000| Untracked 
| 213|0x000000070f900000, 0x000000070f900000, 0x000000070fa00000|  0%| F|  |TAMS 0x000000070f900000, 0x000000070f900000| Untracked 
| 214|0x000000070fa00000, 0x000000070fa00000, 0x000000070fb00000|  0%| F|  |TAMS 0x000000070fa00000, 0x000000070fa00000| Untracked 
| 215|0x000000070fb00000, 0x000000070fb00000, 0x000000070fc00000|  0%| F|  |TAMS 0x000000070fb00000, 0x000000070fb00000| Untracked 
| 216|0x000000070fc00000, 0x000000070fc00000, 0x000000070fd00000|  0%| F|  |TAMS 0x000000070fc00000, 0x000000070fc00000| Untracked 
| 217|0x000000070fd00000, 0x000000070fd00000, 0x000000070fe00000|  0%| F|  |TAMS 0x000000070fd00000, 0x000000070fd00000| Untracked 
| 218|0x000000070fe00000, 0x000000070fe00000, 0x000000070ff00000|  0%| F|  |TAMS 0x000000070fe00000, 0x000000070fe00000| Untracked 
| 219|0x000000070ff00000, 0x000000070ff00000, 0x0000000710000000|  0%| F|  |TAMS 0x000000070ff00000, 0x000000070ff00000| Untracked 
| 220|0x0000000710000000, 0x0000000710000000, 0x0000000710100000|  0%| F|  |TAMS 0x0000000710000000, 0x0000000710000000| Untracked 
| 221|0x0000000710100000, 0x0000000710100000, 0x0000000710200000|  0%| F|  |TAMS 0x0000000710100000, 0x0000000710100000| Untracked 
| 222|0x0000000710200000, 0x0000000710200000, 0x0000000710300000|  0%| F|  |TAMS 0x0000000710200000, 0x0000000710200000| Untracked 
| 223|0x0000000710300000, 0x0000000710300000, 0x0000000710400000|  0%| F|  |TAMS 0x0000000710300000, 0x0000000710300000| Untracked 
| 224|0x0000000710400000, 0x0000000710400000, 0x0000000710500000|  0%| F|  |TAMS 0x0000000710400000, 0x0000000710400000| Untracked 
| 225|0x0000000710500000, 0x0000000710500000, 0x0000000710600000|  0%| F|  |TAMS 0x0000000710500000, 0x0000000710500000| Untracked 
| 226|0x0000000710600000, 0x0000000710600000, 0x0000000710700000|  0%| F|  |TAMS 0x0000000710600000, 0x0000000710600000| Untracked 
| 227|0x0000000710700000, 0x0000000710700000, 0x0000000710800000|  0%| F|  |TAMS 0x0000000710700000, 0x0000000710700000| Untracked 
| 228|0x0000000710800000, 0x0000000710800000, 0x0000000710900000|  0%| F|  |TAMS 0x0000000710800000, 0x0000000710800000| Untracked 
| 229|0x0000000710900000, 0x0000000710900000, 0x0000000710a00000|  0%| F|  |TAMS 0x0000000710900000, 0x0000000710900000| Untracked 
| 230|0x0000000710a00000, 0x0000000710a00000, 0x0000000710b00000|  0%| F|  |TAMS 0x0000000710a00000, 0x0000000710a00000| Untracked 
| 231|0x0000000710b00000, 0x0000000710b00000, 0x0000000710c00000|  0%| F|  |TAMS 0x0000000710b00000, 0x0000000710b00000| Untracked 
| 232|0x0000000710c00000, 0x0000000710c00000, 0x0000000710d00000|  0%| F|  |TAMS 0x0000000710c00000, 0x0000000710c00000| Untracked 
| 233|0x0000000710d00000, 0x0000000710d00000, 0x0000000710e00000|  0%| F|  |TAMS 0x0000000710d00000, 0x0000000710d00000| Untracked 
| 234|0x0000000710e00000, 0x0000000710e00000, 0x0000000710f00000|  0%| F|  |TAMS 0x0000000710e00000, 0x0000000710e00000| Untracked 
| 235|0x0000000710f00000, 0x0000000710f00000, 0x0000000711000000|  0%| F|  |TAMS 0x0000000710f00000, 0x0000000710f00000| Untracked 
| 236|0x0000000711000000, 0x0000000711000000, 0x0000000711100000|  0%| F|  |TAMS 0x0000000711000000, 0x0000000711000000| Untracked 
| 237|0x0000000711100000, 0x000000071117f2b8, 0x0000000711200000| 49%| E|  |TAMS 0x0000000711100000, 0x0000000711100000| Complete 
| 238|0x0000000711200000, 0x0000000711300000, 0x0000000711300000|100%| E|CS|TAMS 0x0000000711200000, 0x0000000711200000| Complete 
| 239|0x0000000711300000, 0x0000000711400000, 0x0000000711400000|100%| E|CS|TAMS 0x0000000711300000, 0x0000000711300000| Complete 
| 240|0x0000000711400000, 0x0000000711500000, 0x0000000711500000|100%| E|CS|TAMS 0x0000000711400000, 0x0000000711400000| Complete 
| 241|0x0000000711500000, 0x0000000711600000, 0x0000000711600000|100%| E|CS|TAMS 0x0000000711500000, 0x0000000711500000| Complete 
| 242|0x0000000711600000, 0x0000000711700000, 0x0000000711700000|100%| E|CS|TAMS 0x0000000711600000, 0x0000000711600000| Complete 
| 243|0x0000000711700000, 0x0000000711800000, 0x0000000711800000|100%| E|CS|TAMS 0x0000000711700000, 0x0000000711700000| Complete 
| 244|0x0000000711800000, 0x0000000711900000, 0x0000000711900000|100%| E|CS|TAMS 0x0000000711800000, 0x0000000711800000| Complete 
| 245|0x0000000711900000, 0x0000000711a00000, 0x0000000711a00000|100%| E|  |TAMS 0x0000000711900000, 0x0000000711900000| Complete 
| 246|0x0000000711a00000, 0x0000000711b00000, 0x0000000711b00000|100%| E|CS|TAMS 0x0000000711a00000, 0x0000000711a00000| Complete 
| 247|0x0000000711b00000, 0x0000000711c00000, 0x0000000711c00000|100%| E|CS|TAMS 0x0000000711b00000, 0x0000000711b00000| Complete 
| 248|0x0000000711c00000, 0x0000000711d00000, 0x0000000711d00000|100%| E|CS|TAMS 0x0000000711c00000, 0x0000000711c00000| Complete 
| 249|0x0000000711d00000, 0x0000000711e00000, 0x0000000711e00000|100%| E|CS|TAMS 0x0000000711d00000, 0x0000000711d00000| Complete 
| 250|0x0000000711e00000, 0x0000000711f00000, 0x0000000711f00000|100%| E|CS|TAMS 0x0000000711e00000, 0x0000000711e00000| Complete 
| 251|0x0000000711f00000, 0x0000000712000000, 0x0000000712000000|100%| E|CS|TAMS 0x0000000711f00000, 0x0000000711f00000| Complete 
| 252|0x0000000712000000, 0x0000000712100000, 0x0000000712100000|100%| E|CS|TAMS 0x0000000712000000, 0x0000000712000000| Complete 
| 253|0x0000000712100000, 0x0000000712200000, 0x0000000712200000|100%| E|CS|TAMS 0x0000000712100000, 0x0000000712100000| Complete 

Card table byte_map: [0x00000239ff6f0000,0x00000239ffee0000] _byte_map_base: 0x00000239fbede000

Marking Bits (Prev, Next): (CMBitMap*) 0x00000239f5f99458, (CMBitMap*) 0x00000239f5f99498
 Prev Bits: [0x000002398f7f0000, 0x0000023993760000)
 Next Bits: [0x0000023993760000, 0x00000239976d0000)

Polling page: 0x00000239f3dc0000

Metaspace:

Usage:
  Non-class:      7.51 MB capacity,     4.78 MB ( 64%) used,     2.72 MB ( 36%) free+waste,     7.88 KB ( <1%) overhead. 
      Class:    565.00 KB capacity,   260.24 KB ( 46%) used,   301.45 KB ( 53%) free+waste,     3.31 KB ( <1%) overhead. 
       Both:      8.06 MB capacity,     5.03 MB ( 62%) used,     3.02 MB ( 37%) free+waste,    11.19 KB ( <1%) overhead. 

Virtual space:
  Non-class space:        8.00 MB reserved,       7.75 MB ( 97%) committed 
      Class space:        1.00 GB reserved,     640.00 KB ( <1%) committed 
             Both:        1.01 GB reserved,       8.38 MB ( <1%) committed 

Chunk freelists:
   Non-Class:  122.00 KB
       Class:  11.00 KB
        Both:  133.00 KB

MaxMetaspaceSize: 17179869184.00 GB
CompressedClassSpaceSize: 1.00 GB

CodeHeap 'non-profiled nmethods': size=120000Kb used=208Kb max_used=208Kb free=119792Kb
 bounds [0x0000023987ad0000, 0x0000023987d40000, 0x000002398f000000]
CodeHeap 'profiled nmethods': size=120000Kb used=1099Kb max_used=1099Kb free=118900Kb
 bounds [0x00000239805a0000, 0x0000023980810000, 0x0000023987ad0000]
CodeHeap 'non-nmethods': size=5760Kb used=1556Kb max_used=1570Kb free=4204Kb
 bounds [0x0000023980000000, 0x0000023980270000, 0x00000239805a0000]
 total_blobs=2006 nmethods=653 adapters=842
 compilation: enabled
              stopped_count=0, restarted_count=0
 full_count=0

Compilation events (20 events):
Event: 0.408 Thread 0x000002399ac27000 nmethod 642 0x00000239806ade90 code [0x00000239806ae040, 0x00000239806ae218]
Event: 0.408 Thread 0x000002399ac27000  644       3       java.lang.reflect.Field::checkAccess (32 bytes)
Event: 0.408 Thread 0x000002399ac27000 nmethod 644 0x00000239806ae310 code [0x00000239806ae4c0, 0x00000239806ae768]
Event: 0.408 Thread 0x000002399ac27000  645       3       jdk.internal.reflect.UnsafeQualifiedLongFieldAccessorImpl::<init> (7 bytes)
Event: 0.408 Thread 0x000002399ac27000 nmethod 645 0x00000239806ae890 code [0x00000239806aea40, 0x00000239806aec08]
Event: 0.408 Thread 0x000002399ac27000  646       3       jdk.internal.reflect.UnsafeQualifiedFieldAccessorImpl::<init> (11 bytes)
Event: 0.408 Thread 0x000002399ac27000 nmethod 646 0x00000239806aed10 code [0x00000239806aeec0, 0x00000239806af028]
Event: 0.408 Thread 0x000002399ac27000  647       3       jdk.internal.reflect.UnsafeQualifiedLongFieldAccessorImpl::getLong (17 bytes)
Event: 0.408 Thread 0x000002399ac27000 nmethod 647 0x00000239806af110 code [0x00000239806af320, 0x00000239806afb58]
Event: 0.408 Thread 0x000002399ac27000  648       3       jdk.internal.reflect.UnsafeFieldAccessorImpl::ensureObj (23 bytes)
Event: 0.409 Thread 0x000002399ac27000 nmethod 648 0x00000239806afe10 code [0x00000239806b0020, 0x00000239806b0718]
Event: 0.409 Thread 0x000002399ac27000  649       3       org.lwjgl.PointerBuffer::put (24 bytes)
Event: 0.409 Thread 0x000002399ac27000 nmethod 649 0x00000239806b0990 code [0x00000239806b0b80, 0x00000239806b1108]
Event: 0.409 Thread 0x000002399ac27000  650       3       org.lwjgl.system.Checks::check (17 bytes)
Event: 0.409 Thread 0x000002399ac27000 nmethod 650 0x00000239806b1390 code [0x00000239806b1560, 0x00000239806b18a8]
Event: 0.409 Thread 0x000002399ac27000  651       3       org.lwjgl.system.CheckIntrinsics::checkIndex (6 bytes)
Event: 0.409 Thread 0x000002399ac27000 nmethod 651 0x00000239806b1a10 code [0x00000239806b1c20, 0x00000239806b2348]
Event: 0.409 Thread 0x000002399ac27000  643       3       java.lang.reflect.Field::getLong (29 bytes)
Event: 0.409 Thread 0x000002399ac27000 nmethod 643 0x00000239806b2590 code [0x00000239806b2780, 0x00000239806b2d38]
Event: 0.409 Thread 0x000002399c265800 nmethod 653 0x0000023987b03610 code [0x0000023987b03800, 0x0000023987b03d78]

GC Heap History (0 events):
No events

Deoptimization events (16 events):
Event: 0.075 Thread 0x00000239f5f34800 Uncommon trap: trap_request=0xffffff45 fr.pc=0x0000023987ad4428 relative=0x0000000000000248
Event: 0.075 Thread 0x00000239f5f34800 Uncommon trap: reason=unstable_if action=reinterpret pc=0x0000023987ad4428 method=java.lang.String.hashCode()I @ 13 c2
Event: 0.075 Thread 0x00000239f5f34800 DEOPT PACKING pc=0x0000023987ad4428 sp=0x00000092083fb1c0
Event: 0.075 Thread 0x00000239f5f34800 DEOPT UNPACKING pc=0x000002398004912f sp=0x00000092083fb158 mode 2
Event: 0.086 Thread 0x00000239f5f34800 DEOPT PACKING pc=0x00000239805d3632 sp=0x00000092083fc580
Event: 0.086 Thread 0x00000239f5f34800 DEOPT UNPACKING pc=0x000002398004964e sp=0x00000092083fb9e8 mode 0
Event: 0.086 Thread 0x00000239f5f34800 DEOPT PACKING pc=0x00000239805d21f4 sp=0x00000092083fc570
Event: 0.086 Thread 0x00000239f5f34800 DEOPT UNPACKING pc=0x000002398004964e sp=0x00000092083fb9c8 mode 0
Event: 0.094 Thread 0x00000239f5f34800 DEOPT PACKING pc=0x00000239805c22d0 sp=0x00000092083f8320
Event: 0.094 Thread 0x00000239f5f34800 DEOPT UNPACKING pc=0x000002398004964e sp=0x00000092083f77a8 mode 0
Event: 0.095 Thread 0x00000239f5f34800 DEOPT PACKING pc=0x00000239805c22d0 sp=0x00000092083fc160
Event: 0.095 Thread 0x00000239f5f34800 DEOPT UNPACKING pc=0x000002398004964e sp=0x00000092083fb5e8 mode 0
Event: 0.105 Thread 0x00000239f5f34800 Uncommon trap: trap_request=0xffffff45 fr.pc=0x0000023987ae5810 relative=0x0000000000000070
Event: 0.105 Thread 0x00000239f5f34800 Uncommon trap: reason=unstable_if action=reinterpret pc=0x0000023987ae5810 method=java.io.WinNTFileSystem.isSlash(C)Z @ 9 c2
Event: 0.105 Thread 0x00000239f5f34800 DEOPT PACKING pc=0x0000023987ae5810 sp=0x00000092083fc430
Event: 0.105 Thread 0x00000239f5f34800 DEOPT UNPACKING pc=0x000002398004912f sp=0x00000092083fc3b8 mode 2

Classes unloaded (0 events):
No events

Classes redefined (0 events):
No events

Internal exceptions (10 events):
Event: 0.091 Thread 0x00000239f5f34800 Exception <a 'java/lang/NoSuchMethodError'{0x0000000711e189e0}: 'void java.lang.invoke.DelegatingMethodHandle$Holder.delegate(java.lang.Object, java.lang.Object, int, java.lang.Object)'> (0x0000000711e189e0) 
thrown [c:/cygwin64/tmp/openjdk-jdk14u-windows-x64-hotspot/workspace/build/src/src/hotspot/share/interpreter/linkResolver.cpp, line 766]
Event: 0.091 Thread 0x00000239f5f34800 Exception <a 'java/lang/NoSuchMethodError'{0x0000000711e1f6e0}: 'java.lang.Object java.lang.invoke.DirectMethodHandle$Holder.invokeStaticInit(java.lang.Object, java.lang.Object, java.lang.Object)'> (0x0000000711e1f6e0) 
thrown [c:/cygwin64/tmp/openjdk-jdk14u-windows-x64-hotspot/workspace/build/src/src/hotspot/share/interpreter/linkResolver.cpp, line 766]
Event: 0.123 Thread 0x00000239f5f34800 Exception <a 'sun/nio/fs/WindowsException'{0x0000000711ef0ef8}> (0x0000000711ef0ef8) 
thrown [c:/cygwin64/tmp/openjdk-jdk14u-windows-x64-hotspot/workspace/build/src/src/hotspot/share/prims/jni.cpp, line 599]
Event: 0.123 Thread 0x00000239f5f34800 Exception <a 'sun/nio/fs/WindowsException'{0x0000000711ef1450}> (0x0000000711ef1450) 
thrown [c:/cygwin64/tmp/openjdk-jdk14u-windows-x64-hotspot/workspace/build/src/src/hotspot/share/prims/jni.cpp, line 599]
Event: 0.140 Thread 0x00000239f5f34800 Exception <a 'sun/nio/fs/WindowsException'{0x0000000711d78e98}> (0x0000000711d78e98) 
thrown [c:/cygwin64/tmp/openjdk-jdk14u-windows-x64-hotspot/workspace/build/src/src/hotspot/share/prims/jni.cpp, line 599]
Event: 0.140 Thread 0x00000239f5f34800 Exception <a 'sun/nio/fs/WindowsException'{0x0000000711d79208}> (0x0000000711d79208) 
thrown [c:/cygwin64/tmp/openjdk-jdk14u-windows-x64-hotspot/workspace/build/src/src/hotspot/share/prims/jni.cpp, line 599]
Event: 0.274 Thread 0x00000239f5f34800 Exception <a 'sun/nio/fs/WindowsException'{0x0000000711be6418}> (0x0000000711be6418) 
thrown [c:/cygwin64/tmp/openjdk-jdk14u-windows-x64-hotspot/workspace/build/src/src/hotspot/share/prims/jni.cpp, line 599]
Event: 0.274 Thread 0x00000239f5f34800 Exception <a 'sun/nio/fs/WindowsException'{0x0000000711be67c8}> (0x0000000711be67c8) 
thrown [c:/cygwin64/tmp/openjdk-jdk14u-windows-x64-hotspot/workspace/build/src/src/hotspot/share/prims/jni.cpp, line 599]
Event: 0.277 Thread 0x00000239f5f34800 Exception <a 'sun/nio/fs/WindowsException'{0x0000000711a05580}> (0x0000000711a05580) 
thrown [c:/cygwin64/tmp/openjdk-jdk14u-windows-x64-hotspot/workspace/build/src/src/hotspot/share/prims/jni.cpp, line 599]
Event: 0.277 Thread 0x00000239f5f34800 Exception <a 'sun/nio/fs/WindowsException'{0x0000000711a05868}> (0x0000000711a05868) 
thrown [c:/cygwin64/tmp/openjdk-jdk14u-windows-x64-hotspot/workspace/build/src/src/hotspot/share/prims/jni.cpp, line 599]

Events (20 events):
Event: 0.149 loading class java/nio/InvalidMarkException
Event: 0.149 loading class java/nio/InvalidMarkException done
Event: 0.149 loading class java/nio/BufferUnderflowException
Event: 0.149 loading class java/nio/BufferUnderflowException done
Event: 0.150 loading class java/lang/IndexOutOfBoundsException
Event: 0.150 loading class java/lang/IndexOutOfBoundsException done
Event: 0.275 Loaded shared library C:\Users\oteni\AppData\Local\Temp\lwjgloteni\3.2.3-build-13\lwjgl_opengl.dll
Event: 0.282 loading class java/util/LinkedHashSet
Event: 0.282 loading class java/util/LinkedHashSet done
Event: 0.282 Executing VM operation: HandshakeAllThreads
Event: 0.282 Executing VM operation: HandshakeAllThreads done
Event: 0.303 Thread 0x000002399c265800 Thread added: 0x000002399c265800
Event: 0.308 Loaded shared library C:\Users\oteni\AppData\Local\Temp\lwjgloteni\3.2.3-build-13\lwjgl.dll
Event: 0.315 Loaded shared library C:\Users\oteni\AppData\Local\Temp\lwjgloteni\3.2.3-build-13\lwjgl.dll
Event: 0.399 loading class jdk/internal/reflect/UnsafeQualifiedLongFieldAccessorImpl
Event: 0.399 loading class jdk/internal/reflect/UnsafeQualifiedFieldAccessorImpl
Event: 0.399 loading class jdk/internal/reflect/UnsafeQualifiedFieldAccessorImpl done
Event: 0.399 loading class jdk/internal/reflect/UnsafeQualifiedLongFieldAccessorImpl done
Event: 0.407 loading class java/nio/HeapFloatBuffer
Event: 0.407 loading class java/nio/HeapFloatBuffer done


Dynamic libraries:
0x00007ff7ca370000 - 0x00007ff7ca37d000 	C:\Program Files\AdoptOpenJDK\jdk-14.0.0.36-hotspot\bin\java.exe
0x00007ffce1ea0000 - 0x00007ffce2090000 	C:\Windows\SYSTEM32\ntdll.dll
0x00007ffce1950000 - 0x00007ffce1a02000 	C:\Windows\System32\KERNEL32.DLL
0x00007ffcdf9f0000 - 0x00007ffcdfc94000 	C:\Windows\System32\KERNELBASE.dll
0x00007ffcdf040000 - 0x00007ffcdf13a000 	C:\Windows\System32\ucrtbase.dll
0x00007ffcd1340000 - 0x00007ffcd1358000 	C:\Program Files\AdoptOpenJDK\jdk-14.0.0.36-hotspot\bin\jli.dll
0x00007ffcd1320000 - 0x00007ffcd1336000 	C:\Program Files\AdoptOpenJDK\jdk-14.0.0.36-hotspot\bin\VCRUNTIME140.dll
0x00007ffce1c10000 - 0x00007ffce1da4000 	C:\Windows\System32\USER32.dll
0x00007ffcdee20000 - 0x00007ffcdee41000 	C:\Windows\System32\win32u.dll
0x00007ffce1be0000 - 0x00007ffce1c06000 	C:\Windows\System32\GDI32.dll
0x00007ffcbd3c0000 - 0x00007ffcbd644000 	C:\Windows\WinSxS\amd64_microsoft.windows.common-controls_6595b64144ccf1df_6.0.18362.959_none_e6c7bbbf130c62bb\COMCTL32.dll
0x00007ffcdfd00000 - 0x00007ffcdfe96000 	C:\Windows\System32\gdi32full.dll
0x00007ffce1a10000 - 0x00007ffce1aae000 	C:\Windows\System32\msvcrt.dll
0x00007ffcdee50000 - 0x00007ffcdeeee000 	C:\Windows\System32\msvcp_win.dll
0x00007ffce01b0000 - 0x00007ffce04e5000 	C:\Windows\System32\combase.dll
0x00007ffce0780000 - 0x00007ffce08a0000 	C:\Windows\System32\RPCRT4.dll
0x00007ffcdf140000 - 0x00007ffcdf1c0000 	C:\Windows\System32\bcryptPrimitives.dll
0x00007ffce1080000 - 0x00007ffce10ae000 	C:\Windows\System32\IMM32.DLL
0x00007ffcd0d10000 - 0x00007ffcd0dab000 	C:\Program Files\AdoptOpenJDK\jdk-14.0.0.36-hotspot\bin\msvcp140.dll
0x00007ffc71a00000 - 0x00007ffc725b4000 	C:\Program Files\AdoptOpenJDK\jdk-14.0.0.36-hotspot\bin\server\jvm.dll
0x00007ffce0100000 - 0x00007ffce01a3000 	C:\Windows\System32\ADVAPI32.dll
0x00007ffce0500000 - 0x00007ffce0597000 	C:\Windows\System32\sechost.dll
0x00007ffce04f0000 - 0x00007ffce04f8000 	C:\Windows\System32\PSAPI.DLL
0x00007ffcdbd00000 - 0x00007ffcdbd24000 	C:\Windows\SYSTEM32\WINMM.dll
0x00007ffcdc3f0000 - 0x00007ffcdc3f9000 	C:\Windows\SYSTEM32\WSOCK32.dll
0x00007ffcd8810000 - 0x00007ffcd881a000 	C:\Windows\SYSTEM32\VERSION.dll
0x00007ffce11e0000 - 0x00007ffce124f000 	C:\Windows\System32\WS2_32.dll
0x00007ffcdbcd0000 - 0x00007ffcdbcfd000 	C:\Windows\SYSTEM32\WINMMBASE.dll
0x00007ffcdf1e0000 - 0x00007ffcdf22a000 	C:\Windows\System32\cfgmgr32.dll
0x00007ffcded60000 - 0x00007ffcded71000 	C:\Windows\System32\kernel.appcore.dll
0x00007ffcd19d0000 - 0x00007ffcd19da000 	C:\Program Files\AdoptOpenJDK\jdk-14.0.0.36-hotspot\bin\jimage.dll
0x00007ffcdd670000 - 0x00007ffcdd864000 	C:\Windows\SYSTEM32\DBGHELP.DLL
0x00007ffcca960000 - 0x00007ffcca98a000 	C:\Windows\SYSTEM32\dbgcore.DLL
0x00007ffcd0e00000 - 0x00007ffcd0e25000 	C:\Program Files\AdoptOpenJDK\jdk-14.0.0.36-hotspot\bin\java.dll
0x00007ffcd1300000 - 0x00007ffcd1317000 	C:\Program Files\AdoptOpenJDK\jdk-14.0.0.36-hotspot\bin\zip.dll
0x00007ffce1250000 - 0x00007ffce1936000 	C:\Windows\System32\SHELL32.dll
0x00007ffce1ad0000 - 0x00007ffce1b79000 	C:\Windows\System32\shcore.dll
0x00007ffcdf260000 - 0x00007ffcdf9e2000 	C:\Windows\System32\windows.storage.dll
0x00007ffcdedd0000 - 0x00007ffcdedf3000 	C:\Windows\System32\profapi.dll
0x00007ffcded80000 - 0x00007ffcdedca000 	C:\Windows\System32\powrprof.dll
0x00007ffcded50000 - 0x00007ffcded60000 	C:\Windows\System32\UMPDC.dll
0x00007ffce10b0000 - 0x00007ffce1102000 	C:\Windows\System32\shlwapi.dll
0x00007ffcdf1c0000 - 0x00007ffcdf1d7000 	C:\Windows\System32\cryptsp.dll
0x00007ffcd0c80000 - 0x00007ffcd0c99000 	C:\Program Files\AdoptOpenJDK\jdk-14.0.0.36-hotspot\bin\net.dll
0x00007ffcd3660000 - 0x00007ffcd3750000 	C:\Windows\SYSTEM32\WINHTTP.dll
0x00007ffcde5c0000 - 0x00007ffcde627000 	C:\Windows\system32\mswsock.dll
0x00007ffcd0c60000 - 0x00007ffcd0c72000 	C:\Program Files\AdoptOpenJDK\jdk-14.0.0.36-hotspot\bin\nio.dll
0x00007ffcd0bf0000 - 0x00007ffcd0c54000 	C:\Users\oteni\AppData\Local\Temp\lwjgloteni\3.2.3-build-13\lwjgl.dll
0x00007ffcd0b80000 - 0x00007ffcd0be2000 	C:\Users\oteni\AppData\Local\Temp\lwjgloteni\3.2.3-build-13\glfw.dll
0x00007ffcdcd20000 - 0x00007ffcdcdb9000 	C:\Windows\system32\uxtheme.dll
0x00007ffcd0950000 - 0x00007ffcd0993000 	C:\Windows\SYSTEM32\dinput8.dll
0x00007ffc90770000 - 0x00007ffc90781000 	C:\Windows\SYSTEM32\xinput1_4.dll
0x00007ffcdeb50000 - 0x00007ffcdeb7a000 	C:\Windows\SYSTEM32\DEVOBJ.dll
0x00007ffcdd320000 - 0x00007ffcdd34d000 	C:\Windows\SYSTEM32\dwmapi.dll
0x00007ffcbc930000 - 0x00007ffcbca4b000 	C:\Windows\SYSTEM32\inputhost.dll
0x00007ffcdc6a0000 - 0x00007ffcdc774000 	C:\Windows\SYSTEM32\CoreMessaging.dll
0x00007ffcda3d0000 - 0x00007ffcda523000 	C:\Windows\SYSTEM32\wintypes.dll
0x00007ffcd99f0000 - 0x00007ffcd9d1a000 	C:\Windows\SYSTEM32\CoreUIComponents.dll
0x00007ffcdb360000 - 0x00007ffcdb450000 	C:\Windows\SYSTEM32\PROPSYS.dll
0x00007ffce0ac0000 - 0x00007ffce0b85000 	C:\Windows\System32\OLEAUT32.dll
0x00007ffcdde60000 - 0x00007ffcdde91000 	C:\Windows\SYSTEM32\ntmarta.dll
0x00007ffce0920000 - 0x00007ffce0a55000 	C:\Windows\System32\MSCTF.dll
0x00007ffcdd870000 - 0x00007ffcdd87e000 	C:\Windows\SYSTEM32\HID.DLL
0x00007ffce0c10000 - 0x00007ffce1080000 	C:\Windows\System32\SETUPAPI.DLL
0x00007ffcdf230000 - 0x00007ffcdf256000 	C:\Windows\System32\bcrypt.dll
0x00007ffcdfca0000 - 0x00007ffcdfcfc000 	C:\Windows\System32\WINTRUST.dll
0x00007ffcdee00000 - 0x00007ffcdee12000 	C:\Windows\System32\MSASN1.dll
0x00007ffcdeef0000 - 0x00007ffcdf039000 	C:\Windows\System32\CRYPT32.dll
0x00007ffcbb1e0000 - 0x00007ffcbb336000 	C:\Windows\SYSTEM32\opengl32.dll
0x00007ffcbaca0000 - 0x00007ffcbaccc000 	C:\Windows\SYSTEM32\GLU32.dll
0x00007ffcdda30000 - 0x00007ffcdda50000 	C:\Windows\SYSTEM32\dxcore.dll
0x00007ffc70620000 - 0x00007ffc714d0000 	C:\Windows\System32\DriverStore\FileRepository\iigd_dch.inf_amd64_bcfb89090247cf28\ig9icd64.dll
0x00007ffcdda50000 - 0x00007ffcddb3b000 	C:\Windows\system32\dxgi.dll
0x00007ffcce390000 - 0x00007ffcd0358000 	C:\Windows\System32\DriverStore\FileRepository\iigd_dch.inf_amd64_bcfb89090247cf28\igc64.dll
0x00007ffcd0360000 - 0x00007ffcd047a000 	C:\Windows\System32\DriverStore\FileRepository\iigd_dch.inf_amd64_bcfb89090247cf28\igdgmm64.dll
0x00007ffcbf5b0000 - 0x00007ffcbf64e000 	C:\Windows\System32\TextInputFramework.dll
0x00007ffccd490000 - 0x00007ffccd736000 	C:\Windows\System32\iertutil.dll
0x00007ffcd08f0000 - 0x00007ffcd0949000 	C:\Users\oteni\AppData\Local\Temp\lwjgloteni\3.2.3-build-13\lwjgl_opengl.dll

dbghelp: loaded successfully - version: 4.0.5 - missing functions: none
symbol engine: initialized successfully - sym options: 0x614 - pdb path: .;C:\Program Files\AdoptOpenJDK\jdk-14.0.0.36-hotspot\bin;C:\Windows\SYSTEM32;C:\Windows\WinSxS\amd64_microsoft.windows.common-controls_6595b64144ccf1df_6.0.18362.959_none_e6c7bbbf130c62bb;C:\Program Files\AdoptOpenJDK\jdk-14.0.0.36-hotspot\bin\server;C:\Users\oteni\AppData\Local\Temp\lwjgloteni\3.2.3-build-13;C:\Windows\System32\DriverStore\FileRepository\iigd_dch.inf_amd64_bcfb89090247cf28

VM Arguments:
jvm_args: -Dfile.encoding=windows-1252 -Duser.country=FR -Duser.language=fr -Duser.variant 
java_command: com.namhto.lwjgl.EntryPoint
java_class_path (initial): C:\Users\oteni\dev\lwjgl\build\classes\java\main;C:\Users\oteni\dev\lwjgl\build\resources\main;C:\Users\oteni\.gradle\caches\modules-2\files-2.1\org.lwjgl\lwjgl-assimp\3.2.3\f62aa07a20afbdd3097efc296c4841e0d29700eb\lwjgl-assimp-3.2.3.jar;C:\Users\oteni\.gradle\caches\modules-2\files-2.1\org.lwjgl\lwjgl-assimp\3.2.3\4e60aeb75f0343c4a9ede4ef8b6b32ca702a00a3\lwjgl-assimp-3.2.3-natives-windows.jar;C:\Users\oteni\.gradle\caches\modules-2\files-2.1\org.lwjgl\lwjgl-glfw\3.2.3\5e520d5c290c8b012545a8d34fa5db5ab051ea53\lwjgl-glfw-3.2.3.jar;C:\Users\oteni\.gradle\caches\modules-2\files-2.1\org.lwjgl\lwjgl-glfw\3.2.3\b4d8a3477cdc2edcf7a5f1e822926be846223f54\lwjgl-glfw-3.2.3-natives-windows.jar;C:\Users\oteni\.gradle\caches\modules-2\files-2.1\org.lwjgl\lwjgl-openal\3.2.3\106742e805803ab9eab8e343f0fb31a3d263903c\lwjgl-openal-3.2.3.jar;C:\Users\oteni\.gradle\caches\modules-2\files-2.1\org.lwjgl\lwjgl-openal\3.2.3\ec898e8ce11b5886f4f532a1536283ef2817758d\lwjgl-openal-3.2.3-natives-windows.jar;C:\Users\oteni\.gradle\caches\modules-2\files-2.1\org.lwjgl\lwjgl-opengl\3.2.3\bdd534a323d0c8f54969b95e424b6ac8984f7d6e\lwjgl-opengl-3.2.3.jar;C:\Users\oteni\.gradle\caches\modules-2\files-2.1\org.lwjgl\lwjgl-opengl\3.2.3\e81cfc73ec8708e5e791ed770e4ec3edfc1bbab1\lwjgl-opengl-3.2.3-natives-windows.jar;C:\Users\oteni\.gradle\caches\modules-2\files-2.1\org.lwjgl\lwjgl-stb\3.2.3\40eccaa4fa86fc815f2e17946a392fb5fdcc286a\lwjgl-stb-3.2.3.jar;C:\Users\oteni\.gradle\caches\modules-2\files-2.1\org.lwjgl\lwjgl-stb\3.2.3\817b21ec286f0ba3dcedb56a3bd275e6a9345be9\lwjgl-stb-3.2.3-natives-windows.jar;C:\Users\oteni\.gradle\caches\modules-2\files-2.1\org.lwjgl\lwjgl\3.2.3\17a59ba0fe8d474ec9dbe0d5db40d2cfe59c4c08\lwjgl-3.2.3.jar;C:\Users\oteni\.gradle\caches\modules-2\files-2.1\org.lwjgl\lwjgl\3.2.3\27f32cd35349684745951e04388e8e00d681cdcd\lwjgl-3.2.3-natives-windows.jar;C:\Users\oteni\.gradle\caches\modules-2\files-2.1\org.joml\joml\1.9.25\ce38f837a5dabe22152788cf8076813aa0084d37\
Launcher Type: SUN_STANDARD

[Global flags]
     intx CICompilerCount                          = 4                                         {product} {ergonomic}
     uint ConcGCThreads                            = 3                                         {product} {ergonomic}
     uint G1ConcRefinementThreads                  = 10                                        {product} {ergonomic}
   size_t G1HeapRegionSize                         = 1048576                                   {product} {ergonomic}
    uintx GCDrainStackTargetSize                   = 64                                        {product} {ergonomic}
   size_t InitialHeapSize                          = 266338304                                 {product} {ergonomic}
   size_t MarkStackSize                            = 4194304                                   {product} {ergonomic}
   size_t MaxHeapSize                              = 4257218560                                {product} {ergonomic}
   size_t MaxNewSize                               = 2554331136                                {product} {ergonomic}
   size_t MinHeapDeltaBytes                        = 1048576                                   {product} {ergonomic}
   size_t MinHeapSize                              = 8388608                                   {product} {ergonomic}
    uintx NonNMethodCodeHeapSize                   = 5839372                                {pd product} {ergonomic}
    uintx NonProfiledCodeHeapSize                  = 122909434                              {pd product} {ergonomic}
    uintx ProfiledCodeHeapSize                     = 122909434                              {pd product} {ergonomic}
    uintx ReservedCodeCacheSize                    = 251658240                              {pd product} {ergonomic}
     bool SegmentedCodeCache                       = true                                      {product} {ergonomic}
   size_t SoftMaxHeapSize                          = 4257218560                             {manageable} {ergonomic}
     bool UseCompressedClassPointers               = true                                 {lp64_product} {ergonomic}
     bool UseCompressedOops                        = true                                 {lp64_product} {ergonomic}
     bool UseG1GC                                  = true                                      {product} {ergonomic}
     bool UseLargePagesIndividualAllocation        = false                                  {pd product} {ergonomic}

Logging:
Log output configuration:
 #0: stdout all=warning uptime,level,tags
 #1: stderr all=off uptime,level,tags

Environment Variables:
JAVA_HOME=C:\Program Files\AdoptOpenJDK\jdk-14.0.0.36-hotspot\
PATH=C:\Program Files\AdoptOpenJDK\jdk-14.0.0.36-hotspot\\bin;C:\Windows\system32;C:\Windows;C:\Windows\System32\Wbem;C:\Windows\System32\WindowsPowerShell\v1.0\;C:\Windows\System32\OpenSSH\;C:\Program Files (x86)\NVIDIA Corporation\PhysX\Common;C:\Users\oteni\dev\gradle\gradle-6.3\bin;C:\Program Files\nodejs\;C:\ProgramData\chocolatey\bin;C:\Program Files\VSCodium\bin;C:\Program Files\PowerShell\7\;C:\Program Files\NVIDIA Corporation\NVIDIA NvDLISR;C:\Program Files\dotnet\;C:\Program Files\Git\cmd;C:\Users\oteni\AppData\Local\Programs\Python\Python38-32\Scripts\;C:\Users\oteni\AppData\Local\Programs\Python\Python38-32\;C:\Users\oteni\AppData\Local\Microsoft\WindowsApps;;C:\Program Files\JetBrains\IntelliJ IDEA Community Edition 2019.3\bin;;C:\Program Files\JetBrains\IntelliJ IDEA 2019.3.3\bin;;C:\Users\oteni\AppData\Roaming\npm;C:\Users\oteni\.dotnet\tools
USERNAME=oteni
OS=Windows_NT
PROCESSOR_IDENTIFIER=Intel64 Family 6 Model 158 Stepping 10, GenuineIntel



---------------  S Y S T E M  ---------------

OS: Windows 10 , 64 bit Build 18362 (10.0.18362.959)
OS uptime: 1 days 0:52 hours

CPU:total 12 (initial active 12) (6 cores per cpu, 2 threads per core) family 6 model 158 stepping 10, cmov, cx8, fxsr, mmx, sse, sse2, sse3, ssse3, sse4.1, sse4.2, popcnt, avx, avx2, aes, clmul, erms, 3dnowpref, lzcnt, ht, tsc, tscinvbit, bmi1, bmi2, adx, fma

Memory: 4k page, system-wide physical 16234M (8119M free)
TotalPageFile size 24426M (AvailPageFile size 12920M)
current process WorkingSet (physical memory assigned to process): 98M, peak: 98M
current process commit charge ("private bytes"): 371M, peak: 371M

vm_info: OpenJDK 64-Bit Server VM (14+36) for windows-amd64 JRE (14+36), built on Mar 17 2020 14:57:31 by "" with MS VC++ 15.8 (VS2017)

END.
